<?xml version="1.0" encoding="UTF-8"?>
<!-- Generated by org.testng.reporters.JUnitReportReporter -->
<testsuite hostname="SosoOthman" failures="0" tests="2" name="TestCase" time="3.113" errors="0" timestamp="2025-03-04T01:09:33 PST" skipped="0">
  <testcase classname="TestCase" name="LogIn" time="2.600"/>
  <system-out/>
  <testcase classname="TestCase" name="AddToCart" time="0.513"/>
  <system-out/>
</testsuite> <!-- TestCase -->
